<?xml version="1.0" encoding="UTF-8"?>
<!-- Generated by org.testng.reporters.JUnitXMLReporter -->
<testsuite ignored="0" hostname="LAPTOP-LKA3284C" failures="0" tests="4" name="Default test" time="7.421" errors="0" timestamp="2024-01-25T01:55:44 IST">
  <testcase classname="api.testcases.UserTest2" name="testCreateUser" time="2.313"/>
  <testcase classname="api.testcases.UserTest2" name="testGetUserData" time="1.11"/>
  <testcase classname="api.testcases.UserTest2" name="testUpdateUser" time="2.226"/>
  <testcase classname="api.testcases.UserTest2" name="testDeleteUser" time="1.137"/>
</testsuite> <!-- Default test -->
