<?xml version="1.0" encoding="UTF-8"?>
<!-- Generated by org.testng.reporters.JUnitXMLReporter -->
<testsuite ignored="0" hostname="LAPTOP-LKA3284C" failures="0" tests="4" name="Test" time="7.893" errors="0" timestamp="2024-01-25T01:40:28 IST">
  <testcase classname="api.testcases.UserTest" name="testCreateUser" time="2.539"/>
  <testcase classname="api.testcases.UserTest" name="testGetUserData" time="1.155"/>
  <testcase classname="api.testcases.UserTest" name="testUpdateUser" time="2.227"/>
  <testcase classname="api.testcases.UserTest" name="testDeleteUser" time="1.122"/>
</testsuite> <!-- Test -->
