<?xml version="1.0" encoding="UTF-8"?>
<!-- Generated by org.testng.reporters.JUnitXMLReporter -->
<testsuite ignored="0" hostname="LAPTOP-LKA3284C" failures="0" tests="4" name="Test" time="10.016" errors="0" timestamp="2024-01-25T02:32:13 IST">
  <testcase classname="api.testcases.UserTest" name="testCreateUser" time="3.265"/>
  <testcase classname="api.testcases.UserTest" name="testGetUserData" time="1.468"/>
  <testcase classname="api.testcases.UserTest" name="testUpdateUser" time="2.622"/>
  <testcase classname="api.testcases.UserTest" name="testDeleteUser" time="1.277"/>
</testsuite> <!-- Test -->
