<?xml version="1.0" encoding="UTF-8"?>
<testsuite xmlns:xsi="http://www.w3.org/2001/XMLSchema-instance" xsi:noNamespaceSchemaLocation="https://maven.apache.org/surefire/maven-surefire-plugin/xsd/surefire-test-report-3.0.xsd" version="3.0" name="TestSuite" time="10.925" tests="4" errors="0" skipped="0" failures="0">
  <properties>
[...]
</properties>
  <testcase name="testCreateUser" classname="api.testcases.UserTest" time="3.27">
    <system-out><![CDATA[On Start method invoked....
Name of test method started:testCreateUser
HTTP/1.1 200 OK
Date: Wed, 24 Jan 2024 21:02:06 GMT
Content-Type: application/json
Transfer-Encoding: chunked
Connection: keep-alive
Access-Control-Allow-Origin: *
Access-Control-Allow-Methods: GET, POST, DELETE, PUT
Access-Control-Allow-Headers: Content-Type, api_key, Authorization
Server: Jetty(9.2.9.v20150224)

{
    "code": 200,
    "type": "unknown",
    "message": "412925308"
}
[INFO ] 2024-01-25 02:32:07.603 [main] RestAssuredAutomationFramework - Create User executed.
Name of test method sucessfully executed:testCreateUser
]]></system-out>
    <system-err><![CDATA[SLF4J: Failed to load class "org.slf4j.impl.StaticLoggerBinder".
SLF4J: Defaulting to no-operation (NOP) logger implementation
SLF4J: See http://www.slf4j.org/codes.html#StaticLoggerBinder for further details.
]]></system-err>
  </testcase>
  <testcase name="testGetUserData" classname="api.testcases.UserTest" time="1.496">
    <system-out><![CDATA[Name of test method started:testGetUserData
Read User Data.
HTTP/1.1 200 OK
Date: Wed, 24 Jan 2024 21:02:08 GMT
Content-Type: application/json
Transfer-Encoding: chunked
Connection: keep-alive
Access-Control-Allow-Origin: *
Access-Control-Allow-Methods: GET, POST, DELETE, PUT
Access-Control-Allow-Headers: Content-Type, api_key, Authorization
Server: Jetty(9.2.9.v20150224)

{
    "id": 412925308,
    "username": "joe.reilly",
    "firstName": "Marquita",
    "lastName": "Smith",
    "email": "rory.conroy@example.com",
    "password": "yjbjpc",
    "phone": "1-235-958-3210",
    "userStatus": 0
}
[INFO ] 2024-01-25 02:32:09.078 [main] RestAssuredAutomationFramework - Get User Data executed.
Name of test method sucessfully executed:testGetUserData
]]></system-out>
  </testcase>
  <testcase name="testUpdateUser" classname="api.testcases.UserTest" time="2.602">
    <system-out><![CDATA[Name of test method started:testUpdateUser
Update User Data.
HTTP/1.1 200 OK
Date: Wed, 24 Jan 2024 21:02:09 GMT
Content-Type: application/json
Transfer-Encoding: chunked
Connection: keep-alive
Access-Control-Allow-Origin: *
Access-Control-Allow-Methods: GET, POST, DELETE, PUT
Access-Control-Allow-Headers: Content-Type, api_key, Authorization
Server: Jetty(9.2.9.v20150224)

{
    "code": 200,
    "type": "unknown",
    "message": "412925308"
}
After Update User Data.
HTTP/1.1 200 OK
Date: Wed, 24 Jan 2024 21:02:11 GMT
Content-Type: application/json
Transfer-Encoding: chunked
Connection: keep-alive
Access-Control-Allow-Origin: *
Access-Control-Allow-Methods: GET, POST, DELETE, PUT
Access-Control-Allow-Headers: Content-Type, api_key, Authorization
Server: Jetty(9.2.9.v20150224)

{
    "id": 412925308,
    "username": "joe.reilly",
    "firstName": "Cyrus",
    "lastName": "Smith",
    "email": "rory.conroy@example.com",
    "password": "yjbjpc",
    "phone": "1-235-958-3210",
    "userStatus": 0
}
[INFO ] 2024-01-25 02:32:11.700 [main] RestAssuredAutomationFramework - Update User executed.
Name of test method sucessfully executed:testUpdateUser
]]></system-out>
  </testcase>
  <testcase name="testDeleteUser" classname="api.testcases.UserTest" time="1.309">
    <system-out><![CDATA[Name of test method started:testDeleteUser
Delete User Data.
HTTP/1.1 200 OK
Date: Wed, 24 Jan 2024 21:02:12 GMT
Content-Type: application/json
Transfer-Encoding: chunked
Connection: keep-alive
Access-Control-Allow-Origin: *
Access-Control-Allow-Methods: GET, POST, DELETE, PUT
Access-Control-Allow-Headers: Content-Type, api_key, Authorization
Server: Jetty(9.2.9.v20150224)

{
    "code": 200,
    "type": "unknown",
    "message": "joe.reilly"
}
[INFO ] 2024-01-25 02:32:12.977 [main] RestAssuredAutomationFramework - Delete User executed.
Name of test method sucessfully executed:testDeleteUser
]]></system-out>
  </testcase>
</testsuite>